{"uid":"b571e0b24c7f427","name":"Verify testcases page","fullName":"Testcases page: Verify testcases page","historyId":"6257cbbe587bee297508e89399fd8242","time":{"start":1740555249661,"stop":1740555253966,"duration":4305},"status":"failed","statusMessage":"AssertionError: Error in step The '\"Below is the list of test Cases for you to practice the Automation\"' section should be visible\n","statusTrace":"  File \"/opt/hostedtoolcache/Python/3.9.21/x64/lib/python3.9/site-packages/behave/model.py\", line 1329, in run\n    match.run(runner.context)\n  File \"/opt/hostedtoolcache/Python/3.9.21/x64/lib/python3.9/site-packages/behave/matchers.py\", line 98, in run\n    self.func(context, *args, **kwargs)\n  File \"features/steps/common_step_definition.py\", line 40, in step_impl\n    assert False, f\"Error in step The '{string}' section should be visible\"\n","flaky":false,"newFailed":false,"newBroken":false,"newPassed":false,"retriesCount":0,"retriesStatusChange":false,"beforeStages":[],"testStage":{"status":"failed","statusMessage":"AssertionError: Error in step The '\"Below is the list of test Cases for you to practice the Automation\"' section should be visible\n","statusTrace":"  File \"/opt/hostedtoolcache/Python/3.9.21/x64/lib/python3.9/site-packages/behave/model.py\", line 1329, in run\n    match.run(runner.context)\n  File \"/opt/hostedtoolcache/Python/3.9.21/x64/lib/python3.9/site-packages/behave/matchers.py\", line 98, in run\n    self.func(context, *args, **kwargs)\n  File \"features/steps/common_step_definition.py\", line 40, in step_impl\n    assert False, f\"Error in step The '{string}' section should be visible\"\n","steps":[{"name":"Given The user is on the home page url","time":{"start":1740555250183,"stop":1740555252194,"duration":2011},"status":"passed","steps":[],"attachments":[],"parameters":[],"shouldDisplayMessage":false,"stepsCount":0,"attachmentsCount":0,"hasContent":false,"attachmentStep":false},{"name":"When The user clicks \"Test Cases\" button with link","time":{"start":1740555252194,"stop":1740555253057,"duration":863},"status":"passed","steps":[],"attachments":[],"parameters":[],"shouldDisplayMessage":false,"stepsCount":0,"attachmentsCount":0,"hasContent":false,"attachmentStep":false},{"name":"Then Verify the user is on the \"test_cases\" page","time":{"start":1740555253057,"stop":1740555253424,"duration":367},"status":"passed","steps":[],"attachments":[],"parameters":[],"shouldDisplayMessage":false,"stepsCount":0,"attachmentsCount":0,"hasContent":false,"attachmentStep":false},{"name":"And The \"Below is the list of test Cases for you to practice the Automation\" section should be visible","time":{"start":1740555253424,"stop":1740555253653,"duration":229},"status":"failed","statusMessage":"AssertionError: Error in step The '\"Below is the list of test Cases for you to practice the Automation\"' section should be visible\n","statusTrace":"  File \"/opt/hostedtoolcache/Python/3.9.21/x64/lib/python3.9/site-packages/behave/model.py\", line 1329, in run\n    match.run(runner.context)\n  File \"/opt/hostedtoolcache/Python/3.9.21/x64/lib/python3.9/site-packages/behave/matchers.py\", line 98, in run\n    self.func(context, *args, **kwargs)\n  File \"features/steps/common_step_definition.py\", line 40, in step_impl\n    assert False, f\"Error in step The '{string}' section should be visible\"\n","steps":[],"attachments":[],"parameters":[],"shouldDisplayMessage":true,"stepsCount":0,"attachmentsCount":0,"hasContent":true,"attachmentStep":false}],"attachments":[],"parameters":[],"shouldDisplayMessage":false,"stepsCount":4,"attachmentsCount":0,"hasContent":true,"attachmentStep":false},"afterStages":[],"labels":[{"name":"severity","value":"normal"},{"name":"tag","value":"smoke"},{"name":"feature","value":"Testcases page"},{"name":"framework","value":"behave"},{"name":"language","value":"cpython3"},{"name":"resultFormat","value":"allure2"}],"parameters":[],"links":[],"hidden":false,"retry":false,"extra":{"severity":"normal","retries":[],"categories":[{"name":"Product defects","matchedStatuses":[],"flaky":false}],"tags":["smoke"]},"source":"b571e0b24c7f427.json","parameterValues":[]}